<?xml version="1.0" encoding="UTF-8"?>
<testng-results ignored="0" total="2" passed="2" failed="0" skipped="0">
  <reporter-output>
    <line>
      <![CDATA[LOAN CALCULATOR TEST GOT EXECUTED SUCCESSFULLY !!!]]>
    </line>
    <line>
      <![CDATA[OFFER TEST GOT EXECUTED SUCCESSFULLY !!!]]>
    </line>
  </reporter-output>
  <suite started-at="2024-12-12T10:17:25 CST" name="Suite1" finished-at="2024-12-12T10:24:55 CST" duration-ms="449779">
    <groups>
    </groups>
    <test started-at="2024-12-12T10:17:25 CST" name="Test1" finished-at="2024-12-12T10:24:55 CST" duration-ms="449779">
      <class name="loanCalculatorPackage.LoanCalculatorTestClass1">
        <test-method is-config="true" signature="setUp()[pri:0, instance:loanCalculatorPackage.LoanCalculatorTestClass1@4b741d6d]" started-at="2024-12-12T10:17:25 CST" name="setUp" finished-at="2024-12-12T10:17:27 CST" duration-ms="2543" status="PASS">
          <reporter-output>
          </reporter-output>
        </test-method> <!-- setUp -->
        <test-method signature="testLc1()[pri:0, instance:loanCalculatorPackage.LoanCalculatorTestClass1@4b741d6d]" started-at="2024-12-12T10:17:27 CST" name="testLc1" finished-at="2024-12-12T10:20:07 CST" duration-ms="159745" status="PASS">
          <exception class="java.lang.Exception">
            <message>
              <![CDATA[Assertion Success: Expected value matched actual value.
LOAN CALCULATOR TEST GOT EXECUTED SUCCESSFULLY !!!
<a href="C:\Users\pvenkatarajan\GIT2\Destination-Dir\PVautomation-offers\pv-loan-calculator-test\screenshots\testLc1.png">Click here to view screenshot</a>]]>
            </message>
            <full-stacktrace>
              <![CDATA[java.lang.Exception: Assertion Success: Expected value matched actual value.
LOAN CALCULATOR TEST GOT EXECUTED SUCCESSFULLY !!!
<a href="C:\Users\pvenkatarajan\GIT2\Destination-Dir\PVautomation-offers\pv-loan-calculator-test\screenshots\testLc1.png">Click here to view screenshot</a>
at loanCalculatorPackage.CustomJUnitReporter.attachScreenshot(CustomJUnitReporter.java:145)
at loanCalculatorPackage.CustomJUnitReporter.onTestSuccess(CustomJUnitReporter.java:53)
at org.testng.internal.TestListenerHelper.runTestListeners(TestListenerHelper.java:112)
at org.testng.internal.invokers.TestInvoker.runTestResultListener(TestInvoker.java:262)
at org.testng.internal.invokers.TestInvoker.invokeMethod(TestInvoker.java:751)
at org.testng.internal.invokers.TestInvoker.invokeTestMethod(TestInvoker.java:227)
at org.testng.internal.invokers.MethodRunner.runInSequence(MethodRunner.java:50)
at org.testng.internal.invokers.TestInvoker$MethodInvocationAgent.invoke(TestInvoker.java:957)
at org.testng.internal.invokers.TestInvoker.invokeTestMethods(TestInvoker.java:200)
at org.testng.internal.invokers.TestMethodWorker.invokeTestMethods(TestMethodWorker.java:148)
at org.testng.internal.invokers.TestMethodWorker.run(TestMethodWorker.java:128)
at java.base/java.util.ArrayList.forEach(ArrayList.java:1540)
at org.testng.TestRunner.privateRun(TestRunner.java:848)
at org.testng.TestRunner.run(TestRunner.java:621)
at org.testng.SuiteRunner.runTest(SuiteRunner.java:443)
at org.testng.SuiteRunner.runSequentially(SuiteRunner.java:437)
at org.testng.SuiteRunner.privateRun(SuiteRunner.java:397)
at org.testng.SuiteRunner.run(SuiteRunner.java:336)
at org.testng.SuiteRunnerWorker.runSuite(SuiteRunnerWorker.java:52)
at org.testng.SuiteRunnerWorker.run(SuiteRunnerWorker.java:95)
at org.testng.TestNG.runSuitesSequentially(TestNG.java:1280)
at org.testng.TestNG.runSuitesLocally(TestNG.java:1200)
at org.testng.TestNG.runSuites(TestNG.java:1114)
at org.testng.TestNG.run(TestNG.java:1082)
at org.apache.maven.surefire.testng.TestNGExecutor.run(TestNGExecutor.java:283)
at org.apache.maven.surefire.testng.TestNGXmlTestSuite.execute(TestNGXmlTestSuite.java:75)
at org.apache.maven.surefire.testng.TestNGProvider.invoke(TestNGProvider.java:120)
at org.apache.maven.surefire.booter.ForkedBooter.runSuitesInProcess(ForkedBooter.java:377)
at org.apache.maven.surefire.booter.ForkedBooter.execute(ForkedBooter.java:138)
at org.apache.maven.surefire.booter.ForkedBooter.run(ForkedBooter.java:465)
at org.apache.maven.surefire.booter.ForkedBooter.main(ForkedBooter.java:451)
]]>
            </full-stacktrace>
          </exception> <!-- java.lang.Exception -->
          <reporter-output>
            <line>
              <![CDATA[LOAN CALCULATOR TEST GOT EXECUTED SUCCESSFULLY !!!]]>
            </line>
          </reporter-output>
        </test-method> <!-- testLc1 -->
        <test-method signature="OfferTest()[pri:0, instance:loanCalculatorPackage.LoanCalculatorTestClass1@4b741d6d]" started-at="2024-12-12T10:20:07 CST" name="OfferTest" finished-at="2024-12-12T10:24:53 CST" duration-ms="286253" status="PASS">
          <exception class="java.lang.Exception">
            <message>
              <![CDATA[Assertion Success: Expected value matched actual value.
OFFER TEST GOT EXECUTED SUCCESSFULLY !!!
<a href="C:\Users\pvenkatarajan\GIT2\Destination-Dir\PVautomation-offers\pv-loan-calculator-test\screenshots\OfferTest.png">Click here to view screenshot</a>]]>
            </message>
            <full-stacktrace>
              <![CDATA[java.lang.Exception: Assertion Success: Expected value matched actual value.
OFFER TEST GOT EXECUTED SUCCESSFULLY !!!
<a href="C:\Users\pvenkatarajan\GIT2\Destination-Dir\PVautomation-offers\pv-loan-calculator-test\screenshots\OfferTest.png">Click here to view screenshot</a>
at loanCalculatorPackage.CustomJUnitReporter.attachScreenshot(CustomJUnitReporter.java:145)
at loanCalculatorPackage.CustomJUnitReporter.onTestSuccess(CustomJUnitReporter.java:53)
at org.testng.internal.TestListenerHelper.runTestListeners(TestListenerHelper.java:112)
at org.testng.internal.invokers.TestInvoker.runTestResultListener(TestInvoker.java:262)
at org.testng.internal.invokers.TestInvoker.invokeMethod(TestInvoker.java:751)
at org.testng.internal.invokers.TestInvoker.invokeTestMethod(TestInvoker.java:227)
at org.testng.internal.invokers.MethodRunner.runInSequence(MethodRunner.java:50)
at org.testng.internal.invokers.TestInvoker$MethodInvocationAgent.invoke(TestInvoker.java:957)
at org.testng.internal.invokers.TestInvoker.invokeTestMethods(TestInvoker.java:200)
at org.testng.internal.invokers.TestMethodWorker.invokeTestMethods(TestMethodWorker.java:148)
at org.testng.internal.invokers.TestMethodWorker.run(TestMethodWorker.java:128)
at java.base/java.util.ArrayList.forEach(ArrayList.java:1540)
at org.testng.TestRunner.privateRun(TestRunner.java:848)
at org.testng.TestRunner.run(TestRunner.java:621)
at org.testng.SuiteRunner.runTest(SuiteRunner.java:443)
at org.testng.SuiteRunner.runSequentially(SuiteRunner.java:437)
at org.testng.SuiteRunner.privateRun(SuiteRunner.java:397)
at org.testng.SuiteRunner.run(SuiteRunner.java:336)
at org.testng.SuiteRunnerWorker.runSuite(SuiteRunnerWorker.java:52)
at org.testng.SuiteRunnerWorker.run(SuiteRunnerWorker.java:95)
at org.testng.TestNG.runSuitesSequentially(TestNG.java:1280)
at org.testng.TestNG.runSuitesLocally(TestNG.java:1200)
at org.testng.TestNG.runSuites(TestNG.java:1114)
at org.testng.TestNG.run(TestNG.java:1082)
at org.apache.maven.surefire.testng.TestNGExecutor.run(TestNGExecutor.java:283)
at org.apache.maven.surefire.testng.TestNGXmlTestSuite.execute(TestNGXmlTestSuite.java:75)
at org.apache.maven.surefire.testng.TestNGProvider.invoke(TestNGProvider.java:120)
at org.apache.maven.surefire.booter.ForkedBooter.runSuitesInProcess(ForkedBooter.java:377)
at org.apache.maven.surefire.booter.ForkedBooter.execute(ForkedBooter.java:138)
at org.apache.maven.surefire.booter.ForkedBooter.run(ForkedBooter.java:465)
at org.apache.maven.surefire.booter.ForkedBooter.main(ForkedBooter.java:451)
]]>
            </full-stacktrace>
          </exception> <!-- java.lang.Exception -->
          <reporter-output>
            <line>
              <![CDATA[OFFER TEST GOT EXECUTED SUCCESSFULLY !!!]]>
            </line>
          </reporter-output>
        </test-method> <!-- OfferTest -->
        <test-method is-config="true" signature="tearDown()[pri:0, instance:loanCalculatorPackage.LoanCalculatorTestClass1@4b741d6d]" started-at="2024-12-12T10:24:53 CST" name="tearDown" finished-at="2024-12-12T10:24:55 CST" duration-ms="1159" status="PASS">
          <reporter-output>
          </reporter-output>
        </test-method> <!-- tearDown -->
      </class> <!-- loanCalculatorPackage.LoanCalculatorTestClass1 -->
    </test> <!-- Test1 -->
  </suite> <!-- Suite1 -->
</testng-results>
