-------------------------------------------------------------------------------
Test set: TestSuite
-------------------------------------------------------------------------------
Tests run: 1, Failures: 1, Errors: 0, Skipped: 0, Time elapsed: 53.762 s <<< FAILURE! - in TestSuite
loanCalculatorPackage.LoanCalculatorTestClass1.OfferTest  Time elapsed: 50.165 s  <<< FAILURE!
org.openqa.selenium.ElementClickInterceptedException: 
element click intercepted: Element is not clickable at point (595, 728)
  (Session info: chrome=131.0.6778.109)
Build info: version: '4.25.0', revision: '8a8aea2337'
System info: os.name: 'Windows 10', os.arch: 'amd64', os.version: '10.0', java.version: '11.0.0.2'
Driver info: org.openqa.selenium.chrome.ChromeDriver
Command: [382cdfb882c4c2e38e57c5ee2c201a1d, clickElement {id=f.DF933984E7B0D90389BA8498E16C0AE5.d.2407D48E1988A293E73C6D27E4A6E01B.e.276}]
Capabilities {acceptInsecureCerts: false, browserName: chrome, browserVersion: 131.0.6778.109, chrome: {chromedriverVersion: 131.0.6778.87 (ce31cae94873..., userDataDir: C:\Users\PVENKA~1\AppData\L...}, fedcm:accounts: true, goog:chromeOptions: {debuggerAddress: localhost:53570}, networkConnectionEnabled: false, pageLoadStrategy: normal, platformName: windows, proxy: Proxy(), se:cdp: ws://localhost:53570/devtoo..., se:cdpVersion: 131.0.6778.109, setWindowRect: true, strictFileInteractability: false, timeouts: {implicit: 0, pageLoad: 300000, script: 30000}, unhandledPromptBehavior: dismiss and notify, webauthn:extension:credBlob: true, webauthn:extension:largeBlob: true, webauthn:extension:minPinLength: true, webauthn:extension:prf: true, webauthn:virtualAuthenticators: true}
Element: [[ChromeDriver: chrome on windows (382cdfb882c4c2e38e57c5ee2c201a1d)] -> id: zipCode]
Session ID: 382cdfb882c4c2e38e57c5ee2c201a1d
	at loanCalculatorPackage.LoanCalculatorTestClass1.OfferTest(LoanCalculatorTestClass1.java:96)

