<html>
<head>
<title>TestNG:  Test1</title>
<link href="../testng.css" rel="stylesheet" type="text/css" />
<link href="../my-testng.css" rel="stylesheet" type="text/css" />

<style type="text/css">
.log { display: none;} 
.stack-trace { display: none;} 
</style>
<script type="text/javascript">
<!--
function flip(e) {
  current = e.style.display;
  if (current == 'block') {
    e.style.display = 'none';
    return 0;
  }
  else {
    e.style.display = 'block';
    return 1;
  }
}

function toggleBox(szDivId, elem, msg1, msg2)
{
  var res = -1;  if (document.getElementById) {
    res = flip(document.getElementById(szDivId));
  }
  else if (document.all) {
    // this is the way old msie versions work
    res = flip(document.all[szDivId]);
  }
  if(elem) {
    if(res == 0) elem.innerHTML = msg1; else elem.innerHTML = msg2;
  }

}

function toggleAllBoxes() {
  if (document.getElementsByTagName) {
    d = document.getElementsByTagName('div');
    for (i = 0; i < d.length; i++) {
      if (d[i].className == 'log') {
        flip(d[i]);
      }
    }
  }
}

// -->
</script>

</head>
<body>
<h2 align='center'>Test1</h2><table border='1' align="center">
<tr>
<td>Tests passed/Failed/Skipped:</td><td>2/0/0</td>
</tr><tr>
<td>Started on:</td><td>Thu Dec 12 10:17:25 CST 2024</td>
</tr>
<tr><td>Total time:</td><td>449 seconds (449779 ms)</td>
</tr><tr>
<td>Included groups:</td><td></td>
</tr><tr>
<td>Excluded groups:</td><td></td>
</tr>
</table><p/>
<small><i>(Hover the method name to see the test class name)</i></small><p/>
<table width='100%' border='1' class='invocation-passed'>
<tr><td colspan='4' align='center'><b>PASSED TESTS</b></td></tr>
<tr><td><b>Test method</b></td>
<td><b>Attribute(s)</b></td>
<td width="30%"><b>Exception</b></td>
<td width="10%"><b>Time (seconds)</b></td>
<td><b>Instance</b></td>
</tr>
<tr>
<td title='loanCalculatorPackage.LoanCalculatorTestClass1.testLc1()'><b>testLc1</b><br>Test class: loanCalculatorPackage.LoanCalculatorTestClass1<br/>
<a href="#Output-1987354705" onClick='toggleBox("Output-1987354705", this, "Show output", "Hide output");'>Show output</a>

<a href="#Output-1987354705" onClick="toggleAllBoxes();">Show all outputs</a>
<div class='log' id="Output-1987354705">
LOAN CALCULATOR TEST GOT EXECUTED SUCCESSFULLY !!!<br/>
</div>
</td>
<td><div><pre>java.lang.Exception: Assertion Success: Expected value matched actual value.
LOAN CALCULATOR TEST GOT EXECUTED SUCCESSFULLY !!!
&lt;a href=&quot;C:\Users\pvenkatarajan\GIT2\Destination-Dir\PVautomation-offers\pv-loan-calculator-test\screenshots\testLc1.png&quot;&gt;Click here to view screenshot&lt;/a&gt;
	at loanCalculatorPackage.CustomJUnitReporter.attachScreenshot(CustomJUnitReporter.java:145)
	at loanCalculatorPackage.CustomJUnitReporter.onTestSuccess(CustomJUnitReporter.java:53)
	at java.base/java.util.ArrayList.forEach(ArrayList.java:1540)
... Removed 28 stack frames</pre></div><a href='#' onClick='toggleBox("stack-trace1987354705", this, "Click to show all stack frames", "Click to hide stack frames")'>Click to show all stack frames</a>
<div class='stack-trace' id='stack-trace1987354705'><pre>java.lang.Exception: Assertion Success: Expected value matched actual value.
LOAN CALCULATOR TEST GOT EXECUTED SUCCESSFULLY !!!
&lt;a href=&quot;C:\Users\pvenkatarajan\GIT2\Destination-Dir\PVautomation-offers\pv-loan-calculator-test\screenshots\testLc1.png&quot;&gt;Click here to view screenshot&lt;/a&gt;
	at loanCalculatorPackage.CustomJUnitReporter.attachScreenshot(CustomJUnitReporter.java:145)
	at loanCalculatorPackage.CustomJUnitReporter.onTestSuccess(CustomJUnitReporter.java:53)
	at org.testng.internal.TestListenerHelper.runTestListeners(TestListenerHelper.java:112)
	at org.testng.internal.invokers.TestInvoker.runTestResultListener(TestInvoker.java:262)
	at org.testng.internal.invokers.TestInvoker.invokeMethod(TestInvoker.java:751)
	at org.testng.internal.invokers.TestInvoker.invokeTestMethod(TestInvoker.java:227)
	at org.testng.internal.invokers.MethodRunner.runInSequence(MethodRunner.java:50)
	at org.testng.internal.invokers.TestInvoker$MethodInvocationAgent.invoke(TestInvoker.java:957)
	at org.testng.internal.invokers.TestInvoker.invokeTestMethods(TestInvoker.java:200)
	at org.testng.internal.invokers.TestMethodWorker.invokeTestMethods(TestMethodWorker.java:148)
	at org.testng.internal.invokers.TestMethodWorker.run(TestMethodWorker.java:128)
	at java.base/java.util.ArrayList.forEach(ArrayList.java:1540)
	at org.testng.TestRunner.privateRun(TestRunner.java:848)
	at org.testng.TestRunner.run(TestRunner.java:621)
	at org.testng.SuiteRunner.runTest(SuiteRunner.java:443)
	at org.testng.SuiteRunner.runSequentially(SuiteRunner.java:437)
	at org.testng.SuiteRunner.privateRun(SuiteRunner.java:397)
	at org.testng.SuiteRunner.run(SuiteRunner.java:336)
	at org.testng.SuiteRunnerWorker.runSuite(SuiteRunnerWorker.java:52)
	at org.testng.SuiteRunnerWorker.run(SuiteRunnerWorker.java:95)
	at org.testng.TestNG.runSuitesSequentially(TestNG.java:1280)
	at org.testng.TestNG.runSuitesLocally(TestNG.java:1200)
	at org.testng.TestNG.runSuites(TestNG.java:1114)
	at org.testng.TestNG.run(TestNG.java:1082)
	at org.apache.maven.surefire.testng.TestNGExecutor.run(TestNGExecutor.java:283)
	at org.apache.maven.surefire.testng.TestNGXmlTestSuite.execute(TestNGXmlTestSuite.java:75)
	at org.apache.maven.surefire.testng.TestNGProvider.invoke(TestNGProvider.java:120)
	at org.apache.maven.surefire.booter.ForkedBooter.runSuitesInProcess(ForkedBooter.java:377)
	at org.apache.maven.surefire.booter.ForkedBooter.execute(ForkedBooter.java:138)
	at org.apache.maven.surefire.booter.ForkedBooter.run(ForkedBooter.java:465)
	at org.apache.maven.surefire.booter.ForkedBooter.main(ForkedBooter.java:451)
</pre></div></td>
<td>159</td>
<td>loanCalculatorPackage.LoanCalculatorTestClass1@4b741d6d</td></tr>
<tr>
<td title='loanCalculatorPackage.LoanCalculatorTestClass1.OfferTest()'><b>OfferTest</b><br>Test class: loanCalculatorPackage.LoanCalculatorTestClass1<br/>
<a href="#Output-1572820532" onClick='toggleBox("Output-1572820532", this, "Show output", "Hide output");'>Show output</a>

<a href="#Output-1572820532" onClick="toggleAllBoxes();">Show all outputs</a>
<div class='log' id="Output-1572820532">
OFFER TEST GOT EXECUTED SUCCESSFULLY !!!<br/>
</div>
</td>
<td><div><pre>java.lang.Exception: Assertion Success: Expected value matched actual value.
OFFER TEST GOT EXECUTED SUCCESSFULLY !!!
&lt;a href=&quot;C:\Users\pvenkatarajan\GIT2\Destination-Dir\PVautomation-offers\pv-loan-calculator-test\screenshots\OfferTest.png&quot;&gt;Click here to view screenshot&lt;/a&gt;
	at loanCalculatorPackage.CustomJUnitReporter.attachScreenshot(CustomJUnitReporter.java:145)
	at loanCalculatorPackage.CustomJUnitReporter.onTestSuccess(CustomJUnitReporter.java:53)
	at java.base/java.util.ArrayList.forEach(ArrayList.java:1540)
... Removed 28 stack frames</pre></div><a href='#' onClick='toggleBox("stack-trace1572820532", this, "Click to show all stack frames", "Click to hide stack frames")'>Click to show all stack frames</a>
<div class='stack-trace' id='stack-trace1572820532'><pre>java.lang.Exception: Assertion Success: Expected value matched actual value.
OFFER TEST GOT EXECUTED SUCCESSFULLY !!!
&lt;a href=&quot;C:\Users\pvenkatarajan\GIT2\Destination-Dir\PVautomation-offers\pv-loan-calculator-test\screenshots\OfferTest.png&quot;&gt;Click here to view screenshot&lt;/a&gt;
	at loanCalculatorPackage.CustomJUnitReporter.attachScreenshot(CustomJUnitReporter.java:145)
	at loanCalculatorPackage.CustomJUnitReporter.onTestSuccess(CustomJUnitReporter.java:53)
	at org.testng.internal.TestListenerHelper.runTestListeners(TestListenerHelper.java:112)
	at org.testng.internal.invokers.TestInvoker.runTestResultListener(TestInvoker.java:262)
	at org.testng.internal.invokers.TestInvoker.invokeMethod(TestInvoker.java:751)
	at org.testng.internal.invokers.TestInvoker.invokeTestMethod(TestInvoker.java:227)
	at org.testng.internal.invokers.MethodRunner.runInSequence(MethodRunner.java:50)
	at org.testng.internal.invokers.TestInvoker$MethodInvocationAgent.invoke(TestInvoker.java:957)
	at org.testng.internal.invokers.TestInvoker.invokeTestMethods(TestInvoker.java:200)
	at org.testng.internal.invokers.TestMethodWorker.invokeTestMethods(TestMethodWorker.java:148)
	at org.testng.internal.invokers.TestMethodWorker.run(TestMethodWorker.java:128)
	at java.base/java.util.ArrayList.forEach(ArrayList.java:1540)
	at org.testng.TestRunner.privateRun(TestRunner.java:848)
	at org.testng.TestRunner.run(TestRunner.java:621)
	at org.testng.SuiteRunner.runTest(SuiteRunner.java:443)
	at org.testng.SuiteRunner.runSequentially(SuiteRunner.java:437)
	at org.testng.SuiteRunner.privateRun(SuiteRunner.java:397)
	at org.testng.SuiteRunner.run(SuiteRunner.java:336)
	at org.testng.SuiteRunnerWorker.runSuite(SuiteRunnerWorker.java:52)
	at org.testng.SuiteRunnerWorker.run(SuiteRunnerWorker.java:95)
	at org.testng.TestNG.runSuitesSequentially(TestNG.java:1280)
	at org.testng.TestNG.runSuitesLocally(TestNG.java:1200)
	at org.testng.TestNG.runSuites(TestNG.java:1114)
	at org.testng.TestNG.run(TestNG.java:1082)
	at org.apache.maven.surefire.testng.TestNGExecutor.run(TestNGExecutor.java:283)
	at org.apache.maven.surefire.testng.TestNGXmlTestSuite.execute(TestNGXmlTestSuite.java:75)
	at org.apache.maven.surefire.testng.TestNGProvider.invoke(TestNGProvider.java:120)
	at org.apache.maven.surefire.booter.ForkedBooter.runSuitesInProcess(ForkedBooter.java:377)
	at org.apache.maven.surefire.booter.ForkedBooter.execute(ForkedBooter.java:138)
	at org.apache.maven.surefire.booter.ForkedBooter.run(ForkedBooter.java:465)
	at org.apache.maven.surefire.booter.ForkedBooter.main(ForkedBooter.java:451)
</pre></div></td>
<td>286</td>
<td>loanCalculatorPackage.LoanCalculatorTestClass1@4b741d6d</td></tr>
</table><p>
</body>
</html>